<?xml version="1.0" encoding="UTF-8"?>
<!-- Generated by org.testng.reporters.JUnitReportReporter -->
<testsuite hostname="DELL-XPS-15" failures="0" tests="1" name="tests.selenium.TC0001_CreateLead" time="6.055" errors="0" timestamp="2023-08-20T08:40:59 EDT" skipped="0">
  <testcase classname="tests.selenium.TC0001_CreateLead" name="CreateLead" time="6.055"/>
  <system-out/>
</testsuite> <!-- tests.selenium.TC0001_CreateLead -->
